TN:
SF:src/utils/logger.ts
FN:33,shouldLog
FN:37,formatMessage
FN:44,debug
FN:52,info
FN:60,warn
FN:68,error
FN:81,group
FN:98,noop
FN:102,window.console.warn
FN:105,window.console.error
FNF:10
FNH:7
FNDA:16,shouldLog
FNDA:14,formatMessage
FNDA:3,debug
FNDA:5,info
FNDA:3,warn
FNDA:3,error
FNDA:2,group
FNDA:0,noop
FNDA:0,window.console.warn
FNDA:0,window.console.error
DA:1,1
DA:2,1
DA:3,1
DA:4,1
DA:5,1
DA:6,1
DA:7,1
DA:8,1
DA:9,1
DA:10,1
DA:11,1
DA:12,1
DA:13,1
DA:14,1
DA:15,1
DA:16,1
DA:17,1
DA:18,1
DA:19,1
DA:20,1
DA:21,1
DA:22,1
DA:23,1
DA:24,1
DA:25,1
DA:26,1
DA:27,1
DA:28,1
DA:29,1
DA:30,1
DA:31,1
DA:32,1
DA:33,1
DA:34,16
DA:35,16
DA:36,1
DA:37,1
DA:38,14
DA:39,14
DA:40,14
DA:41,14
DA:42,1
DA:43,1
DA:44,1
DA:45,3
DA:46,3
DA:47,3
DA:48,3
DA:49,3
DA:50,3
DA:51,1
DA:52,1
DA:53,5
DA:54,5
DA:55,5
DA:56,5
DA:57,5
DA:58,5
DA:59,1
DA:60,1
DA:61,3
DA:62,3
DA:63,3
DA:64,3
DA:65,3
DA:66,3
DA:67,1
DA:68,1
DA:69,3
DA:70,3
DA:71,3
DA:72,3
DA:73,3
DA:74,3
DA:75,3
DA:76,3
DA:77,0
DA:78,0
DA:79,3
DA:80,1
DA:81,1
DA:82,2
DA:83,0
DA:84,0
DA:85,0
DA:86,2
DA:87,2
DA:88,2
DA:89,2
DA:90,2
DA:91,1
DA:92,1
DA:93,1
DA:94,1
DA:95,1
DA:96,0
DA:97,0
DA:98,0
DA:99,0
DA:100,0
DA:101,0
DA:102,0
DA:103,0
DA:104,0
DA:105,0
DA:106,0
DA:107,0
DA:108,0
LF:108
LH:90
BRDA:17,0,0,0
BRDA:96,1,0,0
BRDA:33,2,0,16
BRDA:37,3,0,14
BRDA:39,4,0,5
BRDA:39,5,0,9
BRDA:44,6,0,3
BRDA:45,7,0,0
BRDA:49,8,0,1
BRDA:52,9,0,5
BRDA:53,10,0,0
BRDA:57,11,0,0
BRDA:60,12,0,3
BRDA:61,13,0,0
BRDA:65,14,0,1
BRDA:68,15,0,3
BRDA:69,16,0,0
BRDA:73,17,0,1
BRDA:76,18,0,0
BRDA:81,19,0,2
BRDA:82,20,0,0
BRF:21
BRH:12
end_of_record
TN:
SF:src/utils/validation.ts
FN:107,sanitizeInput
FN:119,sanitizeFields
FN:134,validateFormData
FN:155,validateData
FN:172,getErrorMessage
FNF:5
FNH:1
FNDA:0,sanitizeInput
FNDA:0,sanitizeFields
FNDA:0,validateFormData
FNDA:19,validateData
FNDA:0,getErrorMessage
DA:1,1
DA:2,1
DA:3,1
DA:4,1
DA:5,1
DA:6,1
DA:7,1
DA:8,1
DA:9,1
DA:10,1
DA:11,1
DA:12,1
DA:13,1
DA:14,1
DA:15,1
DA:16,1
DA:17,1
DA:18,1
DA:19,1
DA:20,1
DA:21,1
DA:22,1
DA:23,1
DA:24,1
DA:25,1
DA:26,1
DA:27,1
DA:28,1
DA:29,1
DA:30,1
DA:31,1
DA:32,1
DA:33,1
DA:34,1
DA:35,1
DA:36,1
DA:37,1
DA:38,1
DA:39,1
DA:40,1
DA:41,1
DA:42,1
DA:43,1
DA:44,1
DA:45,1
DA:46,1
DA:47,1
DA:48,1
DA:49,1
DA:50,1
DA:51,1
DA:52,1
DA:53,1
DA:54,1
DA:55,1
DA:56,1
DA:57,1
DA:58,1
DA:59,1
DA:60,1
DA:61,1
DA:62,1
DA:63,1
DA:64,1
DA:65,1
DA:66,1
DA:67,1
DA:68,1
DA:69,1
DA:70,1
DA:71,1
DA:72,1
DA:73,1
DA:74,1
DA:75,1
DA:76,1
DA:77,1
DA:78,1
DA:79,1
DA:80,1
DA:81,1
DA:82,1
DA:83,1
DA:84,1
DA:85,1
DA:86,1
DA:87,1
DA:88,1
DA:89,1
DA:90,1
DA:91,1
DA:92,1
DA:93,1
DA:94,1
DA:95,1
DA:96,1
DA:97,1
DA:98,1
DA:99,1
DA:100,1
DA:101,1
DA:102,1
DA:103,1
DA:104,1
DA:105,1
DA:106,1
DA:107,1
DA:108,0
DA:109,0
DA:110,0
DA:111,0
DA:112,0
DA:113,0
DA:114,0
DA:115,0
DA:116,0
DA:117,1
DA:118,1
DA:119,1
DA:120,0
DA:121,0
DA:122,0
DA:123,0
DA:124,0
DA:125,0
DA:126,0
DA:127,0
DA:128,0
DA:129,0
DA:130,0
DA:131,0
DA:132,1
DA:133,1
DA:134,1
DA:135,0
DA:136,0
DA:137,0
DA:138,0
DA:139,0
DA:140,0
DA:141,0
DA:142,0
DA:143,0
DA:144,0
DA:145,0
DA:146,0
DA:147,0
DA:148,0
DA:149,0
DA:150,0
DA:151,0
DA:152,0
DA:153,1
DA:154,1
DA:155,1
DA:156,19
DA:157,19
DA:158,19
DA:159,19
DA:160,19
DA:161,19
DA:162,19
DA:163,13
DA:164,13
DA:165,13
DA:166,13
DA:167,0
DA:168,0
DA:169,19
DA:170,1
DA:171,1
DA:172,1
DA:173,0
DA:174,0
LF:174
LH:131
BRDA:155,0,0,19
BRDA:162,1,0,13
BRDA:166,2,0,0
BRDA:164,3,0,15
BRF:4
BRH:3
end_of_record
